2018-05-04T02:51:55.727Z - normal: Load ~/.CocosCreator/settings.json
2018-05-04T02:51:55.727Z - normal: checking language setting...
2018-05-04T02:51:55.727Z - normal: Language: zh
2018-05-04T02:51:58.037Z - success: protocol editor-framework registered
2018-05-04T02:51:58.037Z - success: protocol app registered
2018-05-04T02:51:58.037Z - success: protocol theme registered
2018-05-04T02:51:58.037Z - success: protocol packages registered
2018-05-04T02:51:58.037Z - success: protocol unpack registerred
2018-05-04T02:51:58.037Z - success: protocol disable-commonjs registerred
2018-05-04T02:51:58.337Z - normal: connected!
2018-05-04T02:51:58.347Z - normal: Check project F:\haike_exe\cocos\start_project
2018-05-04T02:51:58.367Z - normal: Initializing Cocos2d
2018-05-04T02:51:58.947Z - normal: Initializing Asset Database
2018-05-04T02:51:59.007Z - success: protocol uuid registerred
2018-05-04T02:51:59.007Z - success: protocol db registerred
2018-05-04T02:51:59.007Z - success: protocol thumbnail registerred
2018-05-04T02:51:59.007Z - normal: Loading editor/builtin packages
2018-05-04T02:51:59.057Z - success: anysdk loaded
2018-05-04T02:51:59.187Z - success: assets loaded
2018-05-04T02:51:59.197Z - success: builder loaded
2018-05-04T02:51:59.197Z - success: cocos-analytics loaded
2018-05-04T02:51:59.197Z - success: console loaded
2018-05-04T02:51:59.237Z - success: fb-instant-games loaded
2018-05-04T02:51:59.237Z - success: hierarchy loaded
2018-05-04T02:51:59.247Z - success: inspector loaded
2018-05-04T02:51:59.247Z - success: keystore loaded
2018-05-04T02:51:59.247Z - success: node-library loaded
2018-05-04T02:51:59.247Z - success: package-asset loaded
2018-05-04T02:51:59.247Z - success: preferences loaded
2018-05-04T02:51:59.247Z - success: project-exporter loaded
2018-05-04T02:51:59.297Z - success: project-importer loaded
2018-05-04T02:51:59.297Z - success: project-settings loaded
2018-05-04T02:51:59.297Z - success: ui-kit loaded
2018-05-04T02:51:59.307Z - success: ui-grid loaded
2018-05-04T02:51:59.307Z - success: scene loaded
2018-05-04T02:51:59.307Z - success: sprite-editor loaded
2018-05-04T02:51:59.317Z - success: store loaded
2018-05-04T02:51:59.317Z - success: timeline loaded
2018-05-04T02:51:59.317Z - normal: Loading builtin packages
2018-05-04T02:51:59.317Z - success: asset-db-debugger loaded
2018-05-04T02:51:59.327Z - success: code-editor loaded
2018-05-04T02:51:59.327Z - success: color-picker loaded
2018-05-04T02:51:59.327Z - success: package-manager loaded
2018-05-04T02:51:59.327Z - success: sdkbox loaded
2018-05-04T02:51:59.337Z - success: tester loaded
2018-05-04T02:51:59.337Z - success: ui-kit-preview-extra loaded
2018-05-04T02:51:59.337Z - success: ui-kit-preview loaded
2018-05-04T02:51:59.337Z - success: ui-tree loaded
2018-05-04T02:52:00.827Z - normal: Initializing project F:\haike_exe\cocos\start_project
2018-05-04T02:52:00.827Z - normal: Loading packages
2018-05-04T02:52:00.827Z - normal: Watching packages
2018-05-04T02:52:00.857Z - normal: Run Application
2018-05-04T02:52:02.482Z - success: preview server running at http://localhost:7456
2018-05-04T02:52:07.872Z - normal: 1.9.1
2018-05-04T02:52:39.937Z - success: VS Code extension installed to C:\Users\LY\.vscode\extensions
2018-05-04T02:53:43.282Z - success: API data generated and copied to F:\haike_exe\cocos\start_project\creator.d.ts
2018-05-04T03:44:38.112Z - normal: Start building with options : {
  "androidStudio": true,
  "apiLevel": "",
  "appABIs": [],
  "appKey": "",
  "appSecret": "",
  "buildPath": "F:\\haike_exe\\cocos\\start_project\\build",
  "debug": false,
  "dest": "F:\\haike_exe\\cocos\\start_project\\build\\web-mobile",
  "encryptJs": true,
  "excludeScenes": [],
  "excludedModules": [],
  "fb-instant-games": {},
  "includeAnySDK": false,
  "includeEruda": false,
  "includeSDKBox": false,
  "inlineSpriteFrames": true,
  "inlineSpriteFrames_native": true,
  "jailbreakPlatform": false,
  "md5Cache": false,
  "mergeStartScene": false,
  "oauthLoginServer": "",
  "optimizeHotUpdate": false,
  "orientation": {
    "landscapeLeft": true,
    "landscapeRight": true,
    "portrait": false,
    "upsideDown": false
  },
  "packageName": "org.cocos2d.start_project",
  "platform": "web-mobile",
  "previewHeight": "720",
  "previewWidth": "1280",
  "privateKey": "",
  "qqplay": {
    "REMOTE_SERVER_ROOT": "",
    "orientation": "portrait"
  },
  "renderMode": "0",
  "scenes": [
    "04fc1204-cd40-4cd6-ac11-782f63d36f25"
  ],
  "sourceMaps": false,
  "startScene": "04fc1204-cd40-4cd6-ac11-782f63d36f25",
  "template": "link",
  "title": "start_project",
  "useDebugKeystore": true,
  "vsVersion": "auto",
  "webOrientation": "auto",
  "wechatgame": {
    "REMOTE_SERVER_ROOT": "",
    "appid": "wx6ac3f5090a6b99c5",
    "isSubdomain": false,
    "orientation": "portrait",
    "subContext": ""
  },
  "xxteaKey": "d7874882-5ccf-41",
  "zipCompressJs": true,
  "project": "F:\\haike_exe\\cocos\\start_project",
  "projectName": "start_project",
  "debugBuildWorker": false
}
2018-05-04T03:44:38.117Z - normal: Building F:\haike_exe\cocos\start_project
2018-05-04T03:44:38.117Z - normal: Destination F:\haike_exe\cocos\start_project\build\web-mobile
2018-05-04T03:44:38.724Z - normal: Delete F:\haike_exe\cocos\start_project\build\web-mobile\**\*
2018-05-04T03:45:52.172Z - normal: Compiled project javascript file successfully
2018-05-04T03:45:52.173Z - normal: Start building assets
2018-05-04T03:45:52.173Z - normal: Start spawn build-worker
2018-05-04T03:45:53.469Z - normal: Finish spawn build-worker
2018-05-04T03:45:53.469Z - normal: Start init build-worker
2018-05-04T03:45:55.912Z - normal: 1.9.1
2018-05-04T03:45:55.979Z - normal: Finish init build-worker
2018-05-04T03:45:55.979Z - normal: Start build-assets in worker
2018-05-04T03:45:56.821Z - normal: Finish build-assets in worker
2018-05-04T03:45:56.826Z - normal: Finish building assets
2018-05-04T03:45:56.834Z - normal: Start building raw assets
2018-05-04T03:45:56.836Z - normal: Start building plugin scripts
2018-05-04T03:45:56.858Z - normal: Finish building raw assets
2018-05-04T03:45:56.884Z - normal: Generating main.js from E:\CocosCreator\resources\static\build-templates\shares\main.js
2018-05-04T03:45:56.893Z - normal: Generating html from E:\CocosCreator\resources\static\build-templates\web-mobile\template\index.html
2018-05-04T03:45:56.907Z - normal: Built to "F:\haike_exe\cocos\start_project\build\web-mobile" successfully
2018-05-04T06:47:35.121Z - info: shutdown preview server
